Docking against model_01...

 _   _     ____     _____ 
| | | |   |  _ \   |  __ \ 
| |_| |   | | | |  | |__) |
|  _  |   | |_| |  |  ___/
|_| |_|   |____/   |_|    

    U        D        P

UniDock-Pro v0.0.1

If you used UniDock-Pro in your work, please cite:               
 
Yu, Y., Cai, C., Wang, J., Bo, Z., Zhu, Z., & Zheng, H. (2023). 
UniDock-Pro: GPU-Accelerated Docking Enables Ultralarge Virtual Screening. 
Journal of Chemical Theory and Computation.                    
https://doi.org/10.1021/acs.jctc.2c01145                       

Tang, S., Chen, R., Lin, M., Lin, Q., Zhu, Y., Ding, J., ... & Wu, J. (2022). 
Accelerating autodock vina with gpus. Molecules, 27(9), 3041. 
DOI 10.3390/molecules27093041                                 

J. Eberhardt, D. Santos-Martins, A. F. Tillack, and S. Forli  
AutoDock Vina 1.2.0: New Docking Methods, Expanded Force      
Field, and Python Bindings, J. Chem. Inf. Model. (2021)       
DOI 10.1021/acs.jcim.1c00203                                  

O. Trott, A. J. Olson,                                        
AutoDock Vina: improving the speed and accuracy of docking    
with a new scoring function, efficient optimization and        
multithreading, J. Comp. Chem. (2010)                         
DOI 10.1002/jcc.21334                                         

Please refer to https://github.com/UniDock-Pro/UniDock-Pro/ for  
bug reporting, license agreements, and more information.      

Mode: Pure docking
Scoring function : vina
Rigid receptor: phase1/receptors/model_01.pdbqt
Grid center: X 24.64 Y 15.5 Z -11.43
Grid size  : X 36 Y 28 Z 25
Grid space : 0.375
Exhaustiveness: 384
Verbosity: 1

Computing Vina grid ... done.
Total ligands: 20
Set GPU device id to 0
Available Memory = 23690MiB   Total Memory = 24087MiB
all_ligands.size():20
max_num_atoms:41
max_num_torsions:14
max_num_rigids:4
max_num_lig_pairs:339
Small Group:
Max num_atoms: 19 Max num_torsions: 8 Max num_rigids: 3 Max num_lig_pairs: 55
Group size: 15
Medium Group:
Max num_atoms: 41 Max num_torsions: 14 Max num_rigids: 4 Max num_lig_pairs: 339
Group size: 5
Large Group:
Extra Large Group:
Small
Max num_atoms: 19 Max num_torsions: 8 Max num_rigids: 3 Max num_lig_pairs: 55
Group size: 15
Small Batch 1 size: 15
Performing docking (random seed: -2051793415) ... Time spend on GPU is 167.372864 ms
CUDA Kernel running time: 287

mode |    score    | dist from best mode
     |  (kcal/mol) | rmsd l.b.| rmsd u.b.
-----+------------+----------+----------
   1        -8.57          0          0
   2       -8.192     0.7973      1.399
   3       -8.077      1.913      2.426
   4       -7.704      1.869      2.782
   5       -7.524      2.691      6.089
   6       -7.447      2.738      4.011
   7       -7.382      2.817      3.991
   8       -7.299      2.924      6.223
   9       -7.224      2.225      3.595

mode |    score    | dist from best mode
     |  (kcal/mol) | rmsd l.b.| rmsd u.b.
-----+------------+----------+----------
   1       -7.576          0          0
   2       -7.509      3.369      4.924
   3       -7.494      3.354      4.822
   4       -7.437      1.274      1.478
   5       -7.129     0.9928      1.703
   6       -7.093      3.564      5.077
   7       -7.037      2.717      3.944
   8       -7.003      3.128      4.282
   9       -6.816      3.152      4.061

mode |    score    | dist from best mode
     |  (kcal/mol) | rmsd l.b.| rmsd u.b.
-----+------------+----------+----------
   1       -7.601          0          0
   2       -7.478       3.75      5.963
   3       -7.446      2.128      2.621
   4       -7.436      1.244      1.943
   5       -7.334      2.721      3.657
   6       -7.283      1.238      1.436
   7       -7.149      3.173      4.705
   8       -7.143      1.492      2.223
   9       -7.135       3.35      5.661

mode |    score    | dist from best mode
     |  (kcal/mol) | rmsd l.b.| rmsd u.b.
-----+------------+----------+----------
   1       -4.362          0          0
   2       -4.281      1.659      2.306
   3        -4.24      1.897      2.346
   4       -4.113       3.16      4.056
   5       -4.093      1.301      1.669
   6       -4.035      14.54      15.34
   7       -3.991      2.229      2.748
   8       -3.928      1.515      2.207
   9       -3.906      4.049      4.727

mode |    score    | dist from best mode
     |  (kcal/mol) | rmsd l.b.| rmsd u.b.
-----+------------+----------+----------
   1       -4.129          0          0
   2       -4.126    0.05152      1.622
   3       -4.102    0.07328      1.628
   4       -3.971      2.136      2.754
   5       -3.961      2.135      2.798
   6       -3.876       2.12      2.906
   7       -3.691       2.25      3.161
   8       -3.612      1.267      1.428
   9       -3.599      2.673      3.504

mode |    score    | dist from best mode
     |  (kcal/mol) | rmsd l.b.| rmsd u.b.
-----+------------+----------+----------
   1       -7.029          0          0
   2       -7.008     0.7184      1.031
   3       -6.927      3.145      4.727
   4       -6.897      1.919      1.997
   5       -6.776      1.986       2.29
   6       -6.649      1.948      2.239
   7       -6.629       2.72      4.779
   8       -6.569      14.79      15.64
   9       -6.481      1.885      2.258

mode |    score    | dist from best mode
     |  (kcal/mol) | rmsd l.b.| rmsd u.b.
-----+------------+----------+----------
   1       -6.866          0          0
   2       -6.651      2.981      3.893
   3       -6.448      2.454      3.625
   4       -6.438      3.262      5.211
   5       -6.419      3.074      3.803
   6       -6.368      14.36      16.16
   7       -6.343      2.788      4.324
   8       -6.279      4.046      5.574
   9       -6.236      4.293       5.68

mode |    score    | dist from best mode
     |  (kcal/mol) | rmsd l.b.| rmsd u.b.
-----+------------+----------+----------
   1       -5.795          0          0
   2       -5.711      3.355      3.871
   3       -5.634      3.352      4.482
   4       -5.476      3.625      4.336
   5       -5.392      15.03      15.45
   6       -5.332      1.139      1.232
   7       -5.269      2.645      3.369
   8       -5.169      14.47      15.18

mode |    score    | dist from best mode
     |  (kcal/mol) | rmsd l.b.| rmsd u.b.
-----+------------+----------+----------
   1       -7.243          0          0
   2       -6.887      12.62      13.75
   3       -6.703      1.218      4.518
   4       -6.597      1.226      4.375
   5       -6.576      13.99      14.85
   6        -6.39         13       14.4
   7       -6.231      13.51      14.68
   8       -6.205      13.13      13.84
   9         -6.2      13.13      14.27

mode |    score    | dist from best mode
     |  (kcal/mol) | rmsd l.b.| rmsd u.b.
-----+------------+----------+----------
   1       -7.922          0          0
   2       -7.441      14.14       15.3
   3       -7.229      3.777      6.448
   4       -7.162      3.599      6.461
   5       -6.997      3.671      6.383
   6       -6.993      3.335      6.074
   7       -6.824      3.986      6.637
   8       -6.774      14.54      16.88
   9       -6.704      13.76      15.44

mode |    score    | dist from best mode
     |  (kcal/mol) | rmsd l.b.| rmsd u.b.
-----+------------+----------+----------
   1       -5.257          0          0
   2       -5.057      14.37      15.07
   3       -4.911      2.575      3.154
   4       -4.823      14.02      14.82
   5       -4.795       3.06      3.441
   6        -4.79      1.806      2.856
   7       -4.781      14.11      14.72
   8       -4.765      1.039      2.907
   9       -4.648      2.281       3.56

mode |    score    | dist from best mode
     |  (kcal/mol) | rmsd l.b.| rmsd u.b.
-----+------------+----------+----------
   1       -6.752          0          0
   2       -6.683     0.2451      1.087
   3       -6.679       1.41      1.513
   4       -6.486      1.504      1.651
   5       -6.447      1.023       3.85
   6       -6.445      0.633      3.844
   7       -6.395      1.128      1.128
   8       -6.379      1.049      4.055
   9       -6.321      1.035       3.98

mode |    score    | dist from best mode
     |  (kcal/mol) | rmsd l.b.| rmsd u.b.
-----+------------+----------+----------
   1       -6.759          0          0
   2       -6.667      3.046      4.347
   3       -6.658      1.464      1.599
   4       -6.554      1.399      1.457
   5       -6.489      3.164      4.427
   6       -6.345       1.49      1.549
   7       -6.344      2.401      3.786
   8       -6.264      2.812      4.174
   9       -6.198      2.949      4.278

mode |    score    | dist from best mode
     |  (kcal/mol) | rmsd l.b.| rmsd u.b.
-----+------------+----------+----------
   1       -6.792          0          0
   2       -6.635      2.938      4.763
   3       -6.556      1.168      1.479
   4       -6.435      2.985        4.8
   5       -6.427       2.75      4.657
   6       -6.307      2.854      4.324
   7       -6.291      2.821      4.739
   8       -6.004      2.319      2.687
   9       -5.943      14.05      15.17

mode |    score    | dist from best mode
     |  (kcal/mol) | rmsd l.b.| rmsd u.b.
-----+------------+----------+----------
   1       -6.987          0          0
   2       -6.982      1.321      1.564
   3       -6.797     0.3401      1.077
   4       -6.695      1.655      4.705
   5       -6.644      1.432       4.46
   6       -6.613      1.385      1.718
   7       -6.487      1.463      4.539
   8       -6.349      1.752      4.678
poses saveing time: 27
Batch 1 running time: 356ms
Medium
Max num_atoms: 41 Max num_torsions: 14 Max num_rigids: 4 Max num_lig_pairs: 339
Group size: 5
Medium Batch 1 size: 5
Performing docking (random seed: -2051793415) ... Time spend on GPU is 332.079895 ms
CUDA Kernel running time: 465

mode |    score    | dist from best mode
     |  (kcal/mol) | rmsd l.b.| rmsd u.b.
-----+------------+----------+----------
   1       -13.21          0          0
   2       -12.27       2.81      5.115
   3       -12.11      3.503      6.578
   4       -11.97      2.558      3.922
   5       -11.86      2.228       4.49
   6       -11.82      1.981      5.794
   7       -11.76      2.373      4.203
   8       -11.53      2.255      4.045
   9       -11.51       1.91      3.594

mode |    score    | dist from best mode
     |  (kcal/mol) | rmsd l.b.| rmsd u.b.
-----+------------+----------+----------
   1       -8.371          0          0
   2       -8.361      1.516      1.797
   3       -8.323      2.013      2.723
   4       -8.266      1.807      2.223
   5        -8.18      1.664       5.91
   6       -7.972      1.372      5.356
   7        -7.96      1.865      2.722
   8       -7.856      1.942      5.732
   9       -7.822      13.36       15.1

mode |    score    | dist from best mode
     |  (kcal/mol) | rmsd l.b.| rmsd u.b.
-----+------------+----------+----------
   1       -9.794          0          0
   2       -9.419      2.863      4.143
   3       -9.277       1.88      3.009
   4       -8.834      3.207      4.946
   5       -8.556      2.554      4.686
   6       -8.515      2.132      3.025
   7       -8.396      14.76      16.74
   8       -8.383      2.325      3.826
   9       -8.294      11.88      13.66

mode |    score    | dist from best mode
     |  (kcal/mol) | rmsd l.b.| rmsd u.b.
-----+------------+----------+----------
   1       -10.76          0          0
   2       -10.46      1.044       1.18
   3       -10.21      1.251      2.056
   4       -10.01       1.69      2.431
   5       -9.964       1.57      2.511
   6       -9.891      1.524      2.265
   7       -9.872      2.458      3.535
   8       -9.855      3.934      6.623
   9       -9.812       1.86      2.771

mode |    score    | dist from best mode
     |  (kcal/mol) | rmsd l.b.| rmsd u.b.
-----+------------+----------+----------
   1        -12.2          0          0
   2       -12.04      2.322        4.2
   3       -11.67      13.69      17.79
   4       -11.58      12.74      15.81
   5       -11.58      2.609      10.89
   6        -11.5      13.29      17.44
   7       -11.48      13.26      16.45
   8       -11.29      2.345      2.998
   9       -11.18       3.72      10.05
poses saveing time: 25
Batch 1 running time: 511ms
Docking against model_02...

 _   _     ____     _____ 
| | | |   |  _ \   |  __ \ 
| |_| |   | | | |  | |__) |
|  _  |   | |_| |  |  ___/
|_| |_|   |____/   |_|    

    U        D        P

UniDock-Pro v0.0.1

If you used UniDock-Pro in your work, please cite:               
 
Yu, Y., Cai, C., Wang, J., Bo, Z., Zhu, Z., & Zheng, H. (2023). 
UniDock-Pro: GPU-Accelerated Docking Enables Ultralarge Virtual Screening. 
Journal of Chemical Theory and Computation.                    
https://doi.org/10.1021/acs.jctc.2c01145                       

Tang, S., Chen, R., Lin, M., Lin, Q., Zhu, Y., Ding, J., ... & Wu, J. (2022). 
Accelerating autodock vina with gpus. Molecules, 27(9), 3041. 
DOI 10.3390/molecules27093041                                 

J. Eberhardt, D. Santos-Martins, A. F. Tillack, and S. Forli  
AutoDock Vina 1.2.0: New Docking Methods, Expanded Force      
Field, and Python Bindings, J. Chem. Inf. Model. (2021)       
DOI 10.1021/acs.jcim.1c00203                                  

O. Trott, A. J. Olson,                                        
AutoDock Vina: improving the speed and accuracy of docking    
with a new scoring function, efficient optimization and        
multithreading, J. Comp. Chem. (2010)                         
DOI 10.1002/jcc.21334                                         

Please refer to https://github.com/UniDock-Pro/UniDock-Pro/ for  
bug reporting, license agreements, and more information.      

Mode: Pure docking
Scoring function : vina
Rigid receptor: phase1/receptors/model_02.pdbqt
Grid center: X 24.64 Y 15.5 Z -11.43
Grid size  : X 36 Y 28 Z 25
Grid space : 0.375
Exhaustiveness: 384
Verbosity: 1

Computing Vina grid ... done.
Total ligands: 20
Set GPU device id to 0
Available Memory = 23690MiB   Total Memory = 24087MiB
all_ligands.size():20
max_num_atoms:41
max_num_torsions:14
max_num_rigids:4
max_num_lig_pairs:339
Small Group:
Max num_atoms: 19 Max num_torsions: 8 Max num_rigids: 3 Max num_lig_pairs: 55
Group size: 15
Medium Group:
Max num_atoms: 41 Max num_torsions: 14 Max num_rigids: 4 Max num_lig_pairs: 339
Group size: 5
Large Group:
Extra Large Group:
Small
Max num_atoms: 19 Max num_torsions: 8 Max num_rigids: 3 Max num_lig_pairs: 55
Group size: 15
Small Batch 1 size: 15
Performing docking (random seed: -1890720081) ... Time spend on GPU is 149.273438 ms
CUDA Kernel running time: 268

mode |    score    | dist from best mode
     |  (kcal/mol) | rmsd l.b.| rmsd u.b.
-----+------------+----------+----------
   1       -8.486          0          0
   2       -8.431     0.3716      1.184
   3       -8.275     0.8771      1.292
   4       -8.251      3.273      6.024
   5       -8.247       1.66      3.003
   6       -8.137      1.708      2.885
   7       -8.116      3.467      5.991
   8       -8.056      2.739      5.577
   9       -8.003      3.509       5.94

mode |    score    | dist from best mode
     |  (kcal/mol) | rmsd l.b.| rmsd u.b.
-----+------------+----------+----------
   1       -8.343          0          0
   2       -7.926      3.459      5.198
   3       -7.689      1.173      1.765
   4       -7.628      3.647      5.258
   5       -7.584      3.725      5.365
   6       -7.548      3.443       5.04
   7        -7.34      3.308      5.174
   8        -7.34      3.431      5.096
   9       -7.242      3.406      5.282

mode |    score    | dist from best mode
     |  (kcal/mol) | rmsd l.b.| rmsd u.b.
-----+------------+----------+----------
   1       -4.149          0          0
   2       -4.147    0.03977      1.635
   3       -4.143    0.01666       1.63
   4       -4.084      13.25         14
   5       -4.055      13.27      13.97
   6       -4.025      13.23      13.84
   7       -3.937     0.7227      1.263
   8       -3.935     0.7297      1.531
   9       -3.906     0.7747      1.898

mode |    score    | dist from best mode
     |  (kcal/mol) | rmsd l.b.| rmsd u.b.
-----+------------+----------+----------
   1       -6.598          0          0
   2       -6.452      1.198      4.549
   3        -6.43      1.638      1.917
   4       -6.263      1.847      4.693
   5       -6.262      1.425      1.755
   6       -6.239      1.796      4.671
   7       -6.216      1.766      4.518
   8       -6.135       1.73      2.287
   9       -6.099       1.94      2.354

mode |    score    | dist from best mode
     |  (kcal/mol) | rmsd l.b.| rmsd u.b.
-----+------------+----------+----------
   1       -4.365          0          0
   2       -4.346     0.4034       1.36
   3       -4.337      1.855      2.817
   4       -4.335      1.786      3.223
   5       -4.251      2.039      3.575
   6       -4.246      1.447      1.871
   7       -4.141      1.336      1.887
   8         -4.1      1.558      2.801

mode |    score    | dist from best mode
     |  (kcal/mol) | rmsd l.b.| rmsd u.b.
-----+------------+----------+----------
   1       -4.986          0          0
   2       -4.955      1.949      2.793
   3       -4.838     0.6961        1.4
   4       -4.831      2.112      3.224
   5       -4.808      1.927      2.562
   6       -4.797      2.338      2.515
   7       -4.716      13.95      14.38
   8       -4.654      3.034      3.663
   9       -4.634      13.83      14.23

mode |    score    | dist from best mode
     |  (kcal/mol) | rmsd l.b.| rmsd u.b.
-----+------------+----------+----------
   1       -7.238          0          0
   2       -7.113      1.355      1.596
   3       -6.975     0.6382       1.13
   4       -6.718     0.8553      1.153
   5       -6.511      3.238      4.846
   6       -6.448      3.074      4.754
   7       -6.405       2.95       4.84
   8       -6.238      3.198       4.76
   9       -6.077      13.63      14.29

mode |    score    | dist from best mode
     |  (kcal/mol) | rmsd l.b.| rmsd u.b.
-----+------------+----------+----------
   1        -7.22          0          0
   2       -6.672      13.02      14.27
   3       -6.605       1.38      4.152
   4       -6.505       1.19      4.467
   5       -6.356      12.36      14.19
   6       -6.338      13.39      15.09
   7       -6.272      13.14       14.3
   8       -6.254      13.22      14.45
   9       -6.253      13.23      14.71

mode |    score    | dist from best mode
     |  (kcal/mol) | rmsd l.b.| rmsd u.b.
-----+------------+----------+----------
   1       -6.292          0          0
   2       -6.221      1.632      1.917
   3       -6.205      1.329      1.793
   4       -6.172      3.457      4.676
   5       -6.147      3.408      4.531
   6       -6.127      1.326      1.429
   7       -6.026      1.328      1.775
   8        -5.96      3.328      4.509
   9       -5.934      3.194      4.562

mode |    score    | dist from best mode
     |  (kcal/mol) | rmsd l.b.| rmsd u.b.
-----+------------+----------+----------
   1       -8.113          0          0
   2       -7.965      2.322      5.656
   3       -7.927       2.18      5.426
   4       -7.789      1.417      2.119
   5       -7.553      1.477      2.213
   6       -7.504      1.891      5.459
   7       -7.305      3.226      4.112
   8       -7.262      3.494      4.376
   9       -7.099      3.996      5.098

mode |    score    | dist from best mode
     |  (kcal/mol) | rmsd l.b.| rmsd u.b.
-----+------------+----------+----------
   1       -7.112          0          0
   2        -6.85      2.845      4.152
   3       -6.793      3.169      4.853
   4       -6.767      1.635      1.814
   5       -6.754      3.247      4.863
   6       -6.731      2.987      4.657
   7       -6.634      1.484      1.647
   8       -6.625      1.566      1.895
   9       -6.476      3.318      5.146

mode |    score    | dist from best mode
     |  (kcal/mol) | rmsd l.b.| rmsd u.b.
-----+------------+----------+----------
   1       -7.692          0          0
   2       -7.418      2.303      2.921
   3       -6.993       10.7      12.81
   4       -6.947      3.003       3.44
   5        -6.91      14.08       15.6
   6       -6.842      13.74      15.97
   7       -6.692      13.83      15.92
   8       -6.686      2.308      2.996
   9       -6.668      15.06      17.18

mode |    score    | dist from best mode
     |  (kcal/mol) | rmsd l.b.| rmsd u.b.
-----+------------+----------+----------
   1       -7.267          0          0
   2        -7.05      1.863      2.397
   3       -6.953      1.226      1.841
   4       -6.882      3.458      5.881
   5       -6.802      2.222      2.859
   6        -6.73       3.47       5.81
   7       -6.672      4.541      6.395
   8       -6.497      3.323      5.233
   9       -6.255         14      16.07

mode |    score    | dist from best mode
     |  (kcal/mol) | rmsd l.b.| rmsd u.b.
-----+------------+----------+----------
   1       -5.577          0          0
   2       -5.532      1.781      2.081
   3       -5.495       4.02      5.319
   4        -5.42      1.354      1.379
   5       -5.318      3.819       5.19
   6       -5.301      3.642      4.744
   7       -5.289      3.832      5.027
   8       -5.282      14.65      15.13
   9       -5.236      3.762      4.741

mode |    score    | dist from best mode
     |  (kcal/mol) | rmsd l.b.| rmsd u.b.
-----+------------+----------+----------
   1       -6.532          0          0
   2       -6.499     0.6749      3.951
   3       -6.455      1.344      1.388
   4       -6.439      1.387      1.776
   5       -6.337      1.749      2.191
   6         -6.2     0.9171      4.013
   7       -6.164      1.415      4.092
   8       -6.161      1.286      1.472
   9       -6.095      1.358      1.685
poses saveing time: 28
Batch 1 running time: 338ms
Medium
Max num_atoms: 41 Max num_torsions: 14 Max num_rigids: 4 Max num_lig_pairs: 339
Group size: 5
Medium Batch 1 size: 5
Performing docking (random seed: -1890720081) ... Time spend on GPU is 320.948730 ms
CUDA Kernel running time: 453

mode |    score    | dist from best mode
     |  (kcal/mol) | rmsd l.b.| rmsd u.b.
-----+------------+----------+----------
   1       -9.033          0          0
   2       -8.995      1.654      7.102
   3       -8.773      1.254      6.939
   4       -8.552      1.777      6.319
   5       -8.463     0.8858      7.392
   6       -8.433      1.645      1.699
   7       -8.303      1.727      1.935
   8       -8.282      1.706      6.965
   9       -8.033      1.556      6.512

mode |    score    | dist from best mode
     |  (kcal/mol) | rmsd l.b.| rmsd u.b.
-----+------------+----------+----------
   1       -13.08          0          0
   2       -12.98      1.505      2.457
   3       -12.95      4.085      7.726
   4       -12.78      2.041      3.886
   5       -12.44      1.669      3.562
   6       -12.32      4.417      8.319
   7       -12.23      3.163       7.45
   8       -12.02      2.991        4.3
   9       -11.91      4.053      7.277

mode |    score    | dist from best mode
     |  (kcal/mol) | rmsd l.b.| rmsd u.b.
-----+------------+----------+----------
   1       -9.842          0          0
   2       -9.092      2.053      4.072
   3       -8.998      2.095      4.093
   4       -8.919      2.689      3.813
   5       -8.843      1.858       3.94
   6       -8.775      10.75      12.94
   7       -8.613      9.505      12.07
   8       -8.613      10.86      13.24
   9       -8.574      10.95      12.99

mode |    score    | dist from best mode
     |  (kcal/mol) | rmsd l.b.| rmsd u.b.
-----+------------+----------+----------
   1       -10.66          0          0
   2       -10.58      3.288      5.943
   3        -10.2      2.934      3.784
   4       -10.13      2.679      2.916
   5        -10.1      3.983      7.031
   6       -10.01      3.319       6.54
   7       -9.909      15.86      18.52
   8        -9.79      11.33      14.08
   9       -9.466      11.47      14.25

mode |    score    | dist from best mode
     |  (kcal/mol) | rmsd l.b.| rmsd u.b.
-----+------------+----------+----------
   1       -11.69          0          0
   2       -11.63      6.901      9.715
   3       -11.62      6.675      10.15
   4       -11.03      13.04      16.58
   5       -10.98      2.735      9.182
   6       -10.94      6.293      10.06
   7       -10.92      3.147      9.334
   8       -10.91      6.254      9.427
   9       -10.53      5.915      8.534
poses saveing time: 24
Batch 1 running time: 498ms
Docking against model_05...

 _   _     ____     _____ 
| | | |   |  _ \   |  __ \ 
| |_| |   | | | |  | |__) |
|  _  |   | |_| |  |  ___/
|_| |_|   |____/   |_|    

    U        D        P

UniDock-Pro v0.0.1

If you used UniDock-Pro in your work, please cite:               
 
Yu, Y., Cai, C., Wang, J., Bo, Z., Zhu, Z., & Zheng, H. (2023). 
UniDock-Pro: GPU-Accelerated Docking Enables Ultralarge Virtual Screening. 
Journal of Chemical Theory and Computation.                    
https://doi.org/10.1021/acs.jctc.2c01145                       

Tang, S., Chen, R., Lin, M., Lin, Q., Zhu, Y., Ding, J., ... & Wu, J. (2022). 
Accelerating autodock vina with gpus. Molecules, 27(9), 3041. 
DOI 10.3390/molecules27093041                                 

J. Eberhardt, D. Santos-Martins, A. F. Tillack, and S. Forli  
AutoDock Vina 1.2.0: New Docking Methods, Expanded Force      
Field, and Python Bindings, J. Chem. Inf. Model. (2021)       
DOI 10.1021/acs.jcim.1c00203                                  

O. Trott, A. J. Olson,                                        
AutoDock Vina: improving the speed and accuracy of docking    
with a new scoring function, efficient optimization and        
multithreading, J. Comp. Chem. (2010)                         
DOI 10.1002/jcc.21334                                         

Please refer to https://github.com/UniDock-Pro/UniDock-Pro/ for  
bug reporting, license agreements, and more information.      

Mode: Pure docking
Scoring function : vina
Rigid receptor: phase1/receptors/model_05.pdbqt
Grid center: X 24.64 Y 15.5 Z -11.43
Grid size  : X 36 Y 28 Z 25
Grid space : 0.375
Exhaustiveness: 384
Verbosity: 1

Computing Vina grid ... done.
Total ligands: 20
Set GPU device id to 0
Available Memory = 23690MiB   Total Memory = 24087MiB
all_ligands.size():20
max_num_atoms:41
max_num_torsions:14
max_num_rigids:4
max_num_lig_pairs:339
Small Group:
Max num_atoms: 19 Max num_torsions: 8 Max num_rigids: 3 Max num_lig_pairs: 55
Group size: 15
Medium Group:
Max num_atoms: 41 Max num_torsions: 14 Max num_rigids: 4 Max num_lig_pairs: 339
Group size: 5
Large Group:
Extra Large Group:
Small
Max num_atoms: 19 Max num_torsions: 8 Max num_rigids: 3 Max num_lig_pairs: 55
Group size: 15
Small Batch 1 size: 15
Performing docking (random seed: 1246082672) ... Time spend on GPU is 171.351227 ms
CUDA Kernel running time: 294

mode |    score    | dist from best mode
     |  (kcal/mol) | rmsd l.b.| rmsd u.b.
-----+------------+----------+----------
   1       -7.057          0          0
   2       -6.972      9.441      10.88
   3       -6.971      11.47      13.03
   4       -6.886      9.981      11.35
   5       -6.871      1.077      1.077
   6       -6.856      13.35      14.64
   7        -6.82       10.3      11.51
   8       -6.777      2.137       3.07
   9       -6.772      11.52      13.04

mode |    score    | dist from best mode
     |  (kcal/mol) | rmsd l.b.| rmsd u.b.
-----+------------+----------+----------
   1       -6.409          0          0
   2       -6.214      2.007      2.205
   3       -5.908      3.272      4.528
   4       -5.713      3.548      4.836
   5       -5.647      13.88      14.67
   6       -5.628      14.64      16.02
   7       -5.578      14.59      15.94
   8       -5.443      14.81      16.13
   9       -5.391      13.46      15.08

mode |    score    | dist from best mode
     |  (kcal/mol) | rmsd l.b.| rmsd u.b.
-----+------------+----------+----------
   1       -4.437          0          0
   2       -4.385       1.68      1.896
   3        -4.28      1.845      2.063
   4       -4.149      1.226      1.862
   5       -4.093       1.67      2.243
   6       -4.067      1.757      2.541
   7       -4.052      2.128      2.834
   8        -4.05      1.542      2.122

mode |    score    | dist from best mode
     |  (kcal/mol) | rmsd l.b.| rmsd u.b.
-----+------------+----------+----------
   1       -4.425          0          0
   2       -3.975      15.44      16.51
   3       -3.888      16.91       17.6
   4       -3.888      15.33      16.25
   5       -3.887      15.52      16.57
   6       -3.793      15.65      16.72
   7       -3.777      15.54      16.59
   8       -3.773      16.79      17.73
   9       -3.762      16.53      17.41

mode |    score    | dist from best mode
     |  (kcal/mol) | rmsd l.b.| rmsd u.b.
-----+------------+----------+----------
   1       -6.015          0          0
   2       -5.999       3.19      4.613
   3       -5.934      2.095      4.639
   4       -5.846      2.324      4.883
   5       -5.834      3.192      4.729
   6       -5.797      3.162      3.756
   7       -5.762      2.789      4.648
   8        -5.63      14.76      16.25
   9       -5.499      14.21      14.74

mode |    score    | dist from best mode
     |  (kcal/mol) | rmsd l.b.| rmsd u.b.
-----+------------+----------+----------
   1       -5.294          0          0
   2       -5.196      1.966      2.916
   3       -5.161      1.169      2.649
   4       -5.112      1.632      1.961
   5       -5.051      1.836      2.678
   6       -4.926      1.982      2.141
   7       -4.711      1.394       2.79
   8       -4.676      2.098      2.882
   9       -4.618      2.165        2.7

mode |    score    | dist from best mode
     |  (kcal/mol) | rmsd l.b.| rmsd u.b.
-----+------------+----------+----------
   1       -5.726          0          0
   2       -5.184      2.126      2.507
   3       -5.018      1.629      1.868
   4       -4.934      15.86      16.62
   5       -4.928       16.3      16.91
   6       -4.871      16.33      17.01
   7       -4.666      16.15      16.87
   8       -4.639      15.96      16.69
   9       -4.583         12      12.52

mode |    score    | dist from best mode
     |  (kcal/mol) | rmsd l.b.| rmsd u.b.
-----+------------+----------+----------
   1       -6.431          0          0
   2       -6.415      2.762      3.559
   3       -6.031      2.043      2.373
   4       -5.983      1.642      1.802
   5        -5.89      3.458      4.133
   6       -5.883      1.558      1.834
   7       -5.862       1.09      1.202
   8       -5.803      2.118      2.385
   9       -5.794      1.841      1.947

mode |    score    | dist from best mode
     |  (kcal/mol) | rmsd l.b.| rmsd u.b.
-----+------------+----------+----------
   1       -6.495          0          0
   2       -6.487      1.534      3.871
   3       -6.231      10.38      11.38
   4       -6.213      1.735      2.721
   5       -6.174      1.565      2.822
   6       -6.163      1.309      3.967
   7       -6.079      1.296       2.52
   8       -6.023      1.462      4.011
   9       -5.947      1.247      3.902

mode |    score    | dist from best mode
     |  (kcal/mol) | rmsd l.b.| rmsd u.b.
-----+------------+----------+----------
   1       -6.513          0          0
   2       -6.379      3.458      4.795
   3       -6.361      3.532       4.67
   4       -6.355       12.9      14.21
   5       -6.271      1.496      1.695
   6       -6.261      13.73      15.02
   7       -6.221      13.74      15.08
   8       -6.135      2.349      2.908
   9       -6.091      12.99      14.25

mode |    score    | dist from best mode
     |  (kcal/mol) | rmsd l.b.| rmsd u.b.
-----+------------+----------+----------
   1       -7.148          0          0
   2       -7.083      15.88      17.38
   3        -7.05      15.51      16.89
   4       -7.041      14.97      16.57
   5       -6.978      2.754      4.033
   6       -6.944      15.94       17.2
   7       -6.931       2.09       3.52
   8       -6.814      2.855      3.478
   9       -6.581      2.366      4.294

mode |    score    | dist from best mode
     |  (kcal/mol) | rmsd l.b.| rmsd u.b.
-----+------------+----------+----------
   1       -6.564          0          0
   2       -6.471       2.93      4.772
   3       -6.457      2.251      2.708
   4       -6.338      2.997      4.576
   5       -6.308      2.725      4.458
   6       -6.203      14.57      15.36
   7       -6.006      3.529        4.2
   8       -5.937      14.65      15.84
   9       -5.868      14.63      15.18

mode |    score    | dist from best mode
     |  (kcal/mol) | rmsd l.b.| rmsd u.b.
-----+------------+----------+----------
   1        -7.29          0          0
   2       -6.994      3.227      6.107
   3       -6.728      3.236      5.806
   4       -6.682       3.31      5.912
   5       -6.638      3.231      6.029
   6       -6.597     0.9589      1.261
   7       -6.571      1.223      1.862
   8       -6.371      16.48      17.67
   9       -6.334       16.7      17.45

mode |    score    | dist from best mode
     |  (kcal/mol) | rmsd l.b.| rmsd u.b.
-----+------------+----------+----------
   1       -6.238          0          0
   2       -6.132      1.698      3.707
   3       -6.117      2.331      4.157
   4       -6.038      2.057      3.753
   5       -5.901     0.3884      1.123
   6       -5.882      2.357        2.8
   7       -5.857      2.321      2.964
   8       -5.798      2.224       3.38
   9       -5.688      1.278        1.8

mode |    score    | dist from best mode
     |  (kcal/mol) | rmsd l.b.| rmsd u.b.
-----+------------+----------+----------
   1       -6.945          0          0
   2       -6.928      14.17       15.3
   3       -6.916    0.09528      1.343
   4       -6.911       14.2      15.29
   5       -6.675      2.247      5.353
   6       -6.672      2.172      5.232
   7       -6.333      5.669      7.745
   8       -6.287      14.55       16.3
   9        -6.23      5.588      7.716
poses saveing time: 29
Batch 1 running time: 366ms
Medium
Max num_atoms: 41 Max num_torsions: 14 Max num_rigids: 4 Max num_lig_pairs: 339
Group size: 5
Medium Batch 1 size: 5
Performing docking (random seed: 1246082672) ... Time spend on GPU is 363.265076 ms
CUDA Kernel running time: 494

mode |    score    | dist from best mode
     |  (kcal/mol) | rmsd l.b.| rmsd u.b.
-----+------------+----------+----------
   1       -8.674          0          0
   2       -8.631      1.196      1.476
   3       -8.041      1.057      1.149
   4       -7.952      14.61      15.83
   5       -7.915      1.242      6.978
   6       -7.892      14.95      16.35
   7       -7.799      1.255      1.511
   8        -7.56      1.442       1.59
   9       -7.354      15.12      16.49

mode |    score    | dist from best mode
     |  (kcal/mol) | rmsd l.b.| rmsd u.b.
-----+------------+----------+----------
   1       -11.95          0          0
   2       -11.82      1.766      2.711
   3        -11.7      1.629      2.459
   4       -11.46      1.447      4.339
   5       -11.44      2.128      3.422
   6       -11.39       2.73      5.432
   7       -11.32      1.962       2.65
   8       -11.16      1.616      2.327
   9        -10.8      1.809      2.509

mode |    score    | dist from best mode
     |  (kcal/mol) | rmsd l.b.| rmsd u.b.
-----+------------+----------+----------
   1       -9.161          0          0
   2       -8.971      9.519      11.51
   3       -8.666      5.763      8.261
   4       -8.559      20.21      22.45
   5       -8.505      2.091      3.057
   6       -8.409      11.16       12.5
   7       -8.356      10.56      11.83
   8       -8.338      4.385      6.997
   9       -8.263      4.551      7.147

mode |    score    | dist from best mode
     |  (kcal/mol) | rmsd l.b.| rmsd u.b.
-----+------------+----------+----------
   1       -9.812          0          0
   2       -9.392      13.88      16.75
   3        -9.34      13.14      15.05
   4       -9.287      4.094      6.138
   5       -9.274      14.45       16.4
   6       -9.267      12.68      14.42
   7       -9.254      6.249      8.358
   8       -9.197      5.942      7.872
   9       -9.179      4.057      5.776

mode |    score    | dist from best mode
     |  (kcal/mol) | rmsd l.b.| rmsd u.b.
-----+------------+----------+----------
   1       -12.15          0          0
   2       -11.93      2.559      9.271
   3       -11.85      1.686      3.344
   4       -11.79       10.5      13.63
   5       -11.74      11.23      15.48
   6       -11.61      10.71      13.91
   7       -11.52      2.649      9.332
   8       -11.32     0.8249      1.184
   9       -11.28      2.606      9.549
poses saveing time: 23
Batch 1 running time: 538ms
Docking against model_11...

 _   _     ____     _____ 
| | | |   |  _ \   |  __ \ 
| |_| |   | | | |  | |__) |
|  _  |   | |_| |  |  ___/
|_| |_|   |____/   |_|    

    U        D        P

UniDock-Pro v0.0.1

If you used UniDock-Pro in your work, please cite:               
 
Yu, Y., Cai, C., Wang, J., Bo, Z., Zhu, Z., & Zheng, H. (2023). 
UniDock-Pro: GPU-Accelerated Docking Enables Ultralarge Virtual Screening. 
Journal of Chemical Theory and Computation.                    
https://doi.org/10.1021/acs.jctc.2c01145                       

Tang, S., Chen, R., Lin, M., Lin, Q., Zhu, Y., Ding, J., ... & Wu, J. (2022). 
Accelerating autodock vina with gpus. Molecules, 27(9), 3041. 
DOI 10.3390/molecules27093041                                 

J. Eberhardt, D. Santos-Martins, A. F. Tillack, and S. Forli  
AutoDock Vina 1.2.0: New Docking Methods, Expanded Force      
Field, and Python Bindings, J. Chem. Inf. Model. (2021)       
DOI 10.1021/acs.jcim.1c00203                                  

O. Trott, A. J. Olson,                                        
AutoDock Vina: improving the speed and accuracy of docking    
with a new scoring function, efficient optimization and        
multithreading, J. Comp. Chem. (2010)                         
DOI 10.1002/jcc.21334                                         

Please refer to https://github.com/UniDock-Pro/UniDock-Pro/ for  
bug reporting, license agreements, and more information.      

Mode: Pure docking
Scoring function : vina
Rigid receptor: phase1/receptors/model_11.pdbqt
Grid center: X 24.64 Y 15.5 Z -11.43
Grid size  : X 36 Y 28 Z 25
Grid space : 0.375
Exhaustiveness: 384
Verbosity: 1

Computing Vina grid ... done.
Total ligands: 20
Set GPU device id to 0
Available Memory = 23690MiB   Total Memory = 24087MiB
all_ligands.size():20
max_num_atoms:41
max_num_torsions:14
max_num_rigids:4
max_num_lig_pairs:339
Small Group:
Max num_atoms: 19 Max num_torsions: 8 Max num_rigids: 3 Max num_lig_pairs: 55
Group size: 15
Medium Group:
Max num_atoms: 41 Max num_torsions: 14 Max num_rigids: 4 Max num_lig_pairs: 339
Group size: 5
Large Group:
Extra Large Group:
Small
Max num_atoms: 19 Max num_torsions: 8 Max num_rigids: 3 Max num_lig_pairs: 55
Group size: 15
Small Batch 1 size: 15
Performing docking (random seed: -1600352985) ... Time spend on GPU is 176.897247 ms
CUDA Kernel running time: 296

mode |    score    | dist from best mode
     |  (kcal/mol) | rmsd l.b.| rmsd u.b.
-----+------------+----------+----------
   1       -7.704          0          0
   2       -7.141      2.526      3.788
   3       -7.015      2.236      3.486
   4       -6.784      14.47      15.35
   5       -6.777      2.164      3.058
   6       -6.697      14.85      16.01
   7        -6.61      11.59      13.83
   8       -6.595      11.59      13.82
   9       -6.494      15.82      16.85

mode |    score    | dist from best mode
     |  (kcal/mol) | rmsd l.b.| rmsd u.b.
-----+------------+----------+----------
   1       -4.197          0          0
   2       -4.183    0.05056      1.641
   3       -4.178    0.05632      1.626
   4       -4.115        1.3      1.987
   5       -4.076      1.292      2.267
   6       -3.894      16.53       17.3
   7       -3.892       16.5      17.33
   8       -3.874      16.45       17.4
   9       -3.811      17.33      18.04

mode |    score    | dist from best mode
     |  (kcal/mol) | rmsd l.b.| rmsd u.b.
-----+------------+----------+----------
   1       -4.314          0          0
   2       -4.311      1.207       2.16
   3       -4.232      1.571      2.199
   4       -4.186      2.398      2.923
   5       -4.183      2.741      3.773
   6       -4.168      1.254      1.908
   7       -4.132      1.396      1.714
   8       -4.111      1.948      2.504
   9       -4.107      1.913      2.507

mode |    score    | dist from best mode
     |  (kcal/mol) | rmsd l.b.| rmsd u.b.
-----+------------+----------+----------
   1       -7.221          0          0
   2       -7.084      1.995      2.177
   3       -7.036      2.702      3.491
   4       -6.946      2.132      2.893
   5       -6.844      2.006      2.681
   6       -6.819      2.883      3.691
   7       -6.573      15.45      16.11
   8       -6.559      14.95      16.24
   9       -6.491      15.14      16.33

mode |    score    | dist from best mode
     |  (kcal/mol) | rmsd l.b.| rmsd u.b.
-----+------------+----------+----------
   1       -5.684          0          0
   2       -5.577      1.221      1.444
   3       -5.429       16.4      16.98
   4       -5.399      1.241      1.516
   5       -5.343      2.689      3.028
   6       -5.338      15.85       16.5
   7       -5.141      16.71      17.38
   8       -5.073      1.692      1.836
   9       -5.018      16.57      17.26

mode |    score    | dist from best mode
     |  (kcal/mol) | rmsd l.b.| rmsd u.b.
-----+------------+----------+----------
   1       -5.273          0          0
   2       -5.173      16.12      16.59
   3       -5.013      16.78      17.38
   4       -4.966     0.9964      1.409
   5       -4.846       16.5       17.3
   6       -4.841      17.15      17.79
   7       -4.831      1.778      1.927
   8       -4.813      2.193      2.828
   9       -4.733      16.71      17.33

mode |    score    | dist from best mode
     |  (kcal/mol) | rmsd l.b.| rmsd u.b.
-----+------------+----------+----------
   1       -6.626          0          0
   2       -6.511      15.07      16.54
   3       -6.408       2.04      4.554
   4       -6.332      15.18      16.54
   5       -6.302      1.295       4.21
   6        -6.16      12.53      14.01
   7       -6.004      11.41       12.9
   8       -5.848      15.46      16.27
   9       -5.726      9.825      11.91

mode |    score    | dist from best mode
     |  (kcal/mol) | rmsd l.b.| rmsd u.b.
-----+------------+----------+----------
   1       -6.266          0          0
   2       -6.181      14.59       15.5
   3       -6.157      14.39      15.26
   4       -6.148      14.48      15.74
   5       -5.996       14.4       15.3
   6       -5.908      16.78      17.38
   7        -5.81       2.34      2.783
   8       -5.807      2.003      2.441
   9       -5.672      2.221      2.613

mode |    score    | dist from best mode
     |  (kcal/mol) | rmsd l.b.| rmsd u.b.
-----+------------+----------+----------
   1       -6.406          0          0
   2       -6.334      3.485       4.79
   3       -6.257      2.307      2.691
   4       -6.237      1.949      2.537
   5       -6.207      2.103      2.563
   6       -6.197      16.54      17.41
   7       -5.983      16.53      17.01
   8       -5.838      3.262       4.79
   9       -5.791      1.393        1.8

mode |    score    | dist from best mode
     |  (kcal/mol) | rmsd l.b.| rmsd u.b.
-----+------------+----------+----------
   1       -6.543          0          0
   2       -6.505      0.458      1.067
   3       -6.488      1.057      1.611
   4       -6.278      2.754      3.842
   5       -6.236      14.76      15.58
   6       -6.169      3.671      4.593
   7       -6.169      3.394      4.169
   8       -6.089      14.83      15.65
   9       -6.036      14.74      15.85

mode |    score    | dist from best mode
     |  (kcal/mol) | rmsd l.b.| rmsd u.b.
-----+------------+----------+----------
   1       -7.861          0          0
   2       -7.801      1.766      5.588
   3       -7.552       2.87      4.704
   4       -7.432      2.992       4.12
   5       -7.363      3.014      4.258
   6       -7.354       3.23       4.63
   7        -7.34      3.008      4.749
   8       -7.295      3.403      4.714
   9       -7.131      3.055        4.2

mode |    score    | dist from best mode
     |  (kcal/mol) | rmsd l.b.| rmsd u.b.
-----+------------+----------+----------
   1       -7.293          0          0
   2        -6.91      3.485      5.118
   3       -6.896     0.9479      1.124
   4       -6.796      3.354       5.61
   5       -6.532      2.646      3.904
   6       -6.515      3.056      4.261
   7       -6.494       3.38       5.21
   8       -6.488      1.066      1.328

mode |    score    | dist from best mode
     |  (kcal/mol) | rmsd l.b.| rmsd u.b.
-----+------------+----------+----------
   1       -6.855          0          0
   2        -6.83      15.05       16.3
   3       -6.791      4.794      5.555
   4       -6.728      3.864      5.188
   5       -6.602      5.013      5.919
   6       -6.563      4.269      5.918
   7       -6.521       5.32      6.113
   8       -6.497      5.004      5.761
   9       -6.486      15.22      16.34

mode |    score    | dist from best mode
     |  (kcal/mol) | rmsd l.b.| rmsd u.b.
-----+------------+----------+----------
   1       -6.596          0          0
   2       -6.348      1.291       4.32
   3        -6.34      1.895      4.567
   4       -6.231      1.201      1.208
   5       -6.196      1.181      1.539
   6       -6.145      1.894      4.725
   7       -6.052      1.871      4.602
   8       -6.032      1.323      4.306
   9        -5.93      3.479      4.655

mode |    score    | dist from best mode
     |  (kcal/mol) | rmsd l.b.| rmsd u.b.
-----+------------+----------+----------
   1       -7.398          0          0
   2        -7.33      2.558      2.948
   3       -7.314      2.355      2.898
   4       -7.184      3.492      6.394
   5       -7.161      2.448      2.815
   6        -7.16       2.67      3.008
   7       -7.103      2.454      2.769
   8       -6.953      2.701      3.181
   9       -6.744      3.066       6.19
poses saveing time: 26
Batch 1 running time: 365ms
Medium
Max num_atoms: 41 Max num_torsions: 14 Max num_rigids: 4 Max num_lig_pairs: 339
Group size: 5
Medium Batch 1 size: 5
Performing docking (random seed: -1600352985) ... Time spend on GPU is 279.663727 ms
CUDA Kernel running time: 420

mode |    score    | dist from best mode
     |  (kcal/mol) | rmsd l.b.| rmsd u.b.
-----+------------+----------+----------
   1       -7.513          0          0
   2       -7.473      2.002        2.5
   3       -7.427       1.72      6.048
   4       -7.255      2.366      6.728
   5       -7.225      2.775      4.479
   6       -7.168      2.822      7.228
   7       -7.166       11.5      13.95
   8        -7.15      1.679      6.164
   9        -7.07      3.503      7.654

mode |    score    | dist from best mode
     |  (kcal/mol) | rmsd l.b.| rmsd u.b.
-----+------------+----------+----------
   1       -8.925          0          0
   2       -8.656      14.84      15.96
   3       -8.512      2.809      4.701
   4       -8.436      15.66      16.52
   5       -8.333      12.23      14.37
   6       -8.279      4.371      6.639
   7       -8.244      11.08      13.57
   8         -8.2      14.41       16.3
   9       -8.108      11.16      13.47

mode |    score    | dist from best mode
     |  (kcal/mol) | rmsd l.b.| rmsd u.b.
-----+------------+----------+----------
   1       -9.743          0          0
   2       -9.643      3.787      8.696
   3       -9.609      4.469      8.078
   4        -9.34      12.81      14.86
   5       -9.302      13.71       16.2
   6       -9.165      2.701      8.925
   7       -9.039      1.941      2.239
   8       -8.889      2.588      8.866
   9       -8.694      22.18      24.39

mode |    score    | dist from best mode
     |  (kcal/mol) | rmsd l.b.| rmsd u.b.
-----+------------+----------+----------
   1       -12.62          0          0
   2       -11.17      13.46       16.8
   3       -11.16      12.33      16.43
   4       -10.94      12.17      16.42
   5       -10.76      11.64      16.76
   6       -10.74      14.25         18
   7       -10.64      16.15      18.93
   8       -10.39      13.36      15.73
   9       -10.28      13.65      16.41

mode |    score    | dist from best mode
     |  (kcal/mol) | rmsd l.b.| rmsd u.b.
-----+------------+----------+----------
   1       -12.07          0          0
   2       -11.31      3.235      5.883
   3        -11.1        4.5      8.358
   4       -10.89       2.56      3.251
   5       -10.56      4.258      8.001
   6       -10.39      3.897      7.592
   7       -10.17      5.291      7.621
   8        -10.1      4.059      8.457
   9       -9.991      3.896      5.974
poses saveing time: 23
Batch 1 running time: 469ms
Docking against model_19...

 _   _     ____     _____ 
| | | |   |  _ \   |  __ \ 
| |_| |   | | | |  | |__) |
|  _  |   | |_| |  |  ___/
|_| |_|   |____/   |_|    

    U        D        P

UniDock-Pro v0.0.1

If you used UniDock-Pro in your work, please cite:               
 
Yu, Y., Cai, C., Wang, J., Bo, Z., Zhu, Z., & Zheng, H. (2023). 
UniDock-Pro: GPU-Accelerated Docking Enables Ultralarge Virtual Screening. 
Journal of Chemical Theory and Computation.                    
https://doi.org/10.1021/acs.jctc.2c01145                       

Tang, S., Chen, R., Lin, M., Lin, Q., Zhu, Y., Ding, J., ... & Wu, J. (2022). 
Accelerating autodock vina with gpus. Molecules, 27(9), 3041. 
DOI 10.3390/molecules27093041                                 

J. Eberhardt, D. Santos-Martins, A. F. Tillack, and S. Forli  
AutoDock Vina 1.2.0: New Docking Methods, Expanded Force      
Field, and Python Bindings, J. Chem. Inf. Model. (2021)       
DOI 10.1021/acs.jcim.1c00203                                  

O. Trott, A. J. Olson,                                        
AutoDock Vina: improving the speed and accuracy of docking    
with a new scoring function, efficient optimization and        
multithreading, J. Comp. Chem. (2010)                         
DOI 10.1002/jcc.21334                                         

Please refer to https://github.com/UniDock-Pro/UniDock-Pro/ for  
bug reporting, license agreements, and more information.      

Mode: Pure docking
Scoring function : vina
Rigid receptor: phase1/receptors/model_19.pdbqt
Grid center: X 24.64 Y 15.5 Z -11.43
Grid size  : X 36 Y 28 Z 25
Grid space : 0.375
Exhaustiveness: 384
Verbosity: 1

Computing Vina grid ... done.
Total ligands: 20
Set GPU device id to 0
Available Memory = 23690MiB   Total Memory = 24087MiB
all_ligands.size():20
max_num_atoms:41
max_num_torsions:14
max_num_rigids:4
max_num_lig_pairs:339
Small Group:
Max num_atoms: 19 Max num_torsions: 8 Max num_rigids: 3 Max num_lig_pairs: 55
Group size: 15
Medium Group:
Max num_atoms: 41 Max num_torsions: 14 Max num_rigids: 4 Max num_lig_pairs: 339
Group size: 5
Large Group:
Extra Large Group:
Small
Max num_atoms: 19 Max num_torsions: 8 Max num_rigids: 3 Max num_lig_pairs: 55
Group size: 15
Small Batch 1 size: 15
Performing docking (random seed: 156576252) ... Time spend on GPU is 176.963226 ms
CUDA Kernel running time: 308

mode |    score    | dist from best mode
     |  (kcal/mol) | rmsd l.b.| rmsd u.b.
-----+------------+----------+----------
   1       -8.102          0          0
   2       -7.849      1.746      2.891
   3       -7.535      2.893      5.637
   4       -7.465      2.971      5.692
   5        -7.38      3.179      6.216
   6       -7.258      9.979      11.71
   7       -7.223      9.702      11.46
   8       -7.156      9.418      10.46
   9       -7.153      3.272      5.803

mode |    score    | dist from best mode
     |  (kcal/mol) | rmsd l.b.| rmsd u.b.
-----+------------+----------+----------
   1        -6.64          0          0
   2       -6.336      1.537      4.878
   3       -6.286      1.718      4.841
   4       -6.245      1.179      1.186
   5       -6.181      1.784       2.06
   6       -6.179      1.646      4.697
   7       -6.167      1.803      2.025
   8        -6.14      2.495      4.941
   9       -6.031      2.266      4.812

mode |    score    | dist from best mode
     |  (kcal/mol) | rmsd l.b.| rmsd u.b.
-----+------------+----------+----------
   1       -4.054          0          0
   2       -4.053      2.203      2.911
   3        -4.05     0.0812      1.618
   4       -4.034      0.119      1.641
   5       -4.007      2.219      2.972
   6       -3.947      1.064      1.286
   7       -3.934      2.329      3.046
   8       -3.928      2.309      3.054
   9       -3.925      1.124      1.956

mode |    score    | dist from best mode
     |  (kcal/mol) | rmsd l.b.| rmsd u.b.
-----+------------+----------+----------
   1       -6.687          0          0
   2       -6.541      1.742      4.058
   3       -6.453      1.714      4.079
   4       -6.413     0.9215      3.717
   5       -6.303      0.625      1.236
   6       -6.299      1.746      2.118
   7       -6.101      1.239       3.94
   8       -6.099      1.304      4.079
   9       -6.004      1.543      1.802

mode |    score    | dist from best mode
     |  (kcal/mol) | rmsd l.b.| rmsd u.b.
-----+------------+----------+----------
   1       -7.554          0          0
   2       -7.541     0.3176       1.42
   3       -7.338      1.866      2.702
   4       -7.305     0.6008      1.702
   5       -7.301      3.334      5.033
   6       -7.274      3.656      5.167
   7       -7.269      3.664      5.325
   8       -7.151     0.6838      1.008
   9       -7.069      1.774      2.383

mode |    score    | dist from best mode
     |  (kcal/mol) | rmsd l.b.| rmsd u.b.
-----+------------+----------+----------
   1       -6.705          0          0
   2       -6.696      1.524      2.384
   3       -6.656      1.608      4.007
   4       -6.622      1.329      2.442
   5       -6.517      1.548      2.726
   6       -6.364       1.68      3.793
   7       -6.359      13.63      15.22
   8        -6.27      1.619      3.942
   9       -6.173      1.353      4.158

mode |    score    | dist from best mode
     |  (kcal/mol) | rmsd l.b.| rmsd u.b.
-----+------------+----------+----------
   1       -4.409          0          0
   2       -4.126      1.595      2.739
   3       -4.118     0.4433      1.395
   4       -4.112      1.318      1.487
   5       -4.072      1.715      1.826
   6       -4.055      1.856      2.561
   7       -3.977      1.772      2.238
   8       -3.937      1.669      3.045
   9       -3.934      1.561      2.544

mode |    score    | dist from best mode
     |  (kcal/mol) | rmsd l.b.| rmsd u.b.
-----+------------+----------+----------
   1       -5.424          0          0
   2       -5.328      1.919      2.539
   3       -5.294      2.078      2.904
   4       -5.082     0.6484      1.314
   5       -4.932      1.765       2.01
   6       -4.867      1.862      1.971
   7       -4.787      1.874      2.484
   8       -4.748      12.28       12.8
   9       -4.689      15.37      16.05

mode |    score    | dist from best mode
     |  (kcal/mol) | rmsd l.b.| rmsd u.b.
-----+------------+----------+----------
   1       -7.103          0          0
   2        -6.78      3.414      4.632
   3       -6.661      3.262      5.066
   4       -6.544      1.344      1.536
   5       -6.544      3.493      5.198
   6       -6.515      3.429      4.848
   7       -6.408      3.297      5.016
   8       -6.308      3.186      5.027
   9       -6.198       15.4      16.34

mode |    score    | dist from best mode
     |  (kcal/mol) | rmsd l.b.| rmsd u.b.
-----+------------+----------+----------
   1       -7.143          0          0
   2       -6.726      1.018       1.28
   3       -6.693      1.459      1.806
   4       -6.662       2.74      3.663
   5       -6.644      1.312      2.022
   6        -6.61      4.642      6.094
   7       -6.476      14.25      15.41
   8       -6.465      14.59      16.27
   9       -6.439      2.936      4.051

mode |    score    | dist from best mode
     |  (kcal/mol) | rmsd l.b.| rmsd u.b.
-----+------------+----------+----------
   1       -6.927          0          0
   2       -6.437      1.647      2.149
   3       -6.312      2.981      4.799
   4       -6.231      3.066      4.813
   5       -6.187      1.543      1.803
   6       -6.126      1.609      2.055
   7        -5.82      14.53      15.57
   8       -5.712      14.49      15.57
   9       -5.684      14.46      15.54

mode |    score    | dist from best mode
     |  (kcal/mol) | rmsd l.b.| rmsd u.b.
-----+------------+----------+----------
   1       -5.704          0          0
   2       -5.447      3.564      4.872
   3       -5.312      1.969      2.221
   4       -5.272      3.431      4.769
   5       -5.145      3.355      4.465
   6       -4.957      15.13      15.74
   7       -4.944       15.6      16.14
   8       -4.938      14.83      15.57
   9       -4.867      15.46      16.08

mode |    score    | dist from best mode
     |  (kcal/mol) | rmsd l.b.| rmsd u.b.
-----+------------+----------+----------
   1       -7.512          0          0
   2       -7.503      1.772       2.31
   3       -7.148      2.267       5.24
   4       -7.127       2.31      5.398
   5       -7.124      2.509      5.456
   6       -7.077      2.098      5.503
   7       -7.042      1.993      5.368
   8       -6.962      2.456      5.401
   9       -6.822      2.016      2.479

mode |    score    | dist from best mode
     |  (kcal/mol) | rmsd l.b.| rmsd u.b.
-----+------------+----------+----------
   1       -6.815          0          0
   2       -6.692      1.821      1.888
   3       -6.554      3.126      4.393
   4       -6.258      1.175      1.424
   5       -6.241      3.146       4.32
   6       -6.061      3.236       4.41
   7       -5.953      2.699      4.265
   8       -5.924      3.278      4.596
   9       -5.908      15.05      16.07

mode |    score    | dist from best mode
     |  (kcal/mol) | rmsd l.b.| rmsd u.b.
-----+------------+----------+----------
   1       -7.497          0          0
   2        -7.25      2.425      6.012
   3       -7.189      1.897      2.261
   4        -7.05       2.84      5.781
   5       -6.941      15.57      16.83
   6        -6.92      1.155      1.218
   7       -6.918      2.327      6.145
   8       -6.915      2.836      5.748
   9       -6.835      15.07      16.39
poses saveing time: 27
Batch 1 running time: 378ms
Medium
Max num_atoms: 41 Max num_torsions: 14 Max num_rigids: 4 Max num_lig_pairs: 339
Group size: 5
Medium Batch 1 size: 5
Performing docking (random seed: 156576252) ... Time spend on GPU is 376.129669 ms
CUDA Kernel running time: 512

mode |    score    | dist from best mode
     |  (kcal/mol) | rmsd l.b.| rmsd u.b.
-----+------------+----------+----------
   1       -8.495          0          0
   2       -8.436      1.619      6.491
   3       -8.272      1.487      1.559
   4       -8.201      1.472      7.786
   5       -8.189      2.535      6.032
   6       -8.079      1.683      2.232
   7       -8.075      1.253      7.632
   8       -8.025      1.608       6.96
   9       -7.859      13.37      14.49

mode |    score    | dist from best mode
     |  (kcal/mol) | rmsd l.b.| rmsd u.b.
-----+------------+----------+----------
   1       -12.28          0          0
   2       -12.12      1.703      3.182
   3       -11.76      1.604      2.242
   4       -11.68      2.331      3.845
   5       -11.66      1.958      3.434
   6       -11.51      3.955      6.181
   7       -11.49      4.243      6.938
   8       -11.48      3.781       8.15
   9        -11.4      3.492      5.535

mode |    score    | dist from best mode
     |  (kcal/mol) | rmsd l.b.| rmsd u.b.
-----+------------+----------+----------
   1       -8.995          0          0
   2       -8.883      9.812      12.21
   3       -8.826      21.41       23.1
   4       -8.751      2.617      3.927
   5       -8.719      3.041      4.724
   6       -8.698      9.047      11.24
   7       -8.534      1.037      1.589
   8       -8.528      3.262      5.806
   9       -8.526     0.9517      1.897

mode |    score    | dist from best mode
     |  (kcal/mol) | rmsd l.b.| rmsd u.b.
-----+------------+----------+----------
   1       -10.53          0          0
   2       -10.39      1.139      1.496
   3       -10.03      16.43      18.56
   4       -9.994      16.51      17.97
   5       -9.835      16.38      18.16
   6       -9.773      2.943      3.561
   7       -9.657      10.05      13.08
   8       -9.583      11.81      14.06
   9        -9.53      10.11      13.31

mode |    score    | dist from best mode
     |  (kcal/mol) | rmsd l.b.| rmsd u.b.
-----+------------+----------+----------
   1       -12.15          0          0
   2       -12.11      1.925      2.836
   3       -11.89      11.53       15.8
   4       -11.79      2.713      9.141
   5       -11.76      8.707      13.21
   6       -11.61      11.88      15.68
   7        -11.5      10.81      14.67
   8       -11.47      1.993      3.266
   9       -11.46      1.856      3.227
poses saveing time: 24
Batch 1 running time: 555ms
